<?xml version="1.0" encoding="UTF-8"?>
<testsuite name="com.unicepta.minesweeper.api.SessionServiceTest" tests="3" skipped="0" failures="0" errors="0" timestamp="2022-04-18T21:02:48" hostname="daermoshin.nb.ipa.dataart.net" time="0.017">
  <properties/>
  <testcase name="addBoard()" classname="com.unicepta.minesweeper.api.SessionServiceTest" time="0.014"/>
  <testcase name="deleteBoard()" classname="com.unicepta.minesweeper.api.SessionServiceTest" time="0.001"/>
  <testcase name="selectBoard()" classname="com.unicepta.minesweeper.api.SessionServiceTest" time="0.0"/>
  <system-out><![CDATA[]]></system-out>
  <system-err><![CDATA[]]></system-err>
</testsuite>
