<?xml version="1.0" encoding="UTF-8"?>
<testsuite name="com.unicepta.minesweeper.api.BoardTest" tests="1" skipped="0" failures="0" errors="0" timestamp="2022-04-18T18:19:34" hostname="daermoshin.nb.ipa.dataart.net" time="0.016">
  <properties/>
  <testcase name="createsBoard()" classname="com.unicepta.minesweeper.api.BoardTest" time="0.016"/>
  <system-out><![CDATA[]]></system-out>
  <system-err><![CDATA[]]></system-err>
</testsuite>
