<?xml version="1.0" encoding="UTF-8"?>
<testsuite name="com.unicepta.minesweeper.api.GameServiceTest" tests="6" skipped="0" failures="0" errors="0" timestamp="2022-04-18T20:51:55" hostname="daermoshin.nb.ipa.dataart.net" time="0.023">
  <properties/>
  <testcase name="uncoverTileNearMine()" classname="com.unicepta.minesweeper.api.GameServiceTest" time="0.015"/>
  <testcase name="allTilesAreHidden()" classname="com.unicepta.minesweeper.api.GameServiceTest" time="0.001"/>
  <testcase name="uncoverUpperLeftCorner()" classname="com.unicepta.minesweeper.api.GameServiceTest" time="0.002"/>
  <testcase name="createBoard()" classname="com.unicepta.minesweeper.api.GameServiceTest" time="0.001"/>
  <testcase name="uncoverAllTiles()" classname="com.unicepta.minesweeper.api.GameServiceTest" time="0.0"/>
  <testcase name="uncoverMine()" classname="com.unicepta.minesweeper.api.GameServiceTest" time="0.001"/>
  <system-out><![CDATA[]]></system-out>
  <system-err><![CDATA[]]></system-err>
</testsuite>
